2022-07-21 19:13:53 INFO  Log:17 - ====================LoginTest TEST START =====================
2022-07-21 19:14:21 INFO  Log:26 - Enter Username and Password
2022-07-21 19:14:40 INFO  Log:21 - ====================LoginTest TEST END =====================
2022-07-21 19:22:40 INFO  Log:17 - ====================LoginPageTest TEST START =====================
2022-07-21 19:34:13 INFO  Log:17 - ====================Verify Title TEST START =====================
2022-07-21 19:34:13 INFO  Log:21 - ====================Title TEST END =====================
2022-07-21 19:34:13 INFO  Log:21 - ====================Index Page TEST END =====================
2022-07-21 19:34:31 INFO  Log:17 - ====================Index Page TEST START =====================
2022-07-21 19:34:31 INFO  Log:17 - ====================myStore Logo TEST START =====================
2022-07-21 19:34:31 INFO  Log:21 - ====================myStore Logo TEST END =====================
2022-07-21 19:57:16 INFO  Log:17 - ====================LoginPageTest TEST START =====================
2022-07-21 19:57:28 INFO  Log:26 - Enter Username and Password
2022-07-21 19:57:55 INFO  Log:26 - Login Test Successful
2022-07-21 19:57:55 INFO  Log:21 - ====================LoginPageTest TEST END =====================
2022-07-21 19:58:13 INFO  Log:17 - ====================LoginPageTest TEST START =====================
2022-07-21 19:58:33 INFO  Log:26 - Enter Username and Password
2022-07-21 20:00:55 INFO  Log:17 - ====================LoginPageTest TEST START =====================
2022-07-21 20:01:16 INFO  Log:17 - ====================LoginPageTest TEST START =====================
2022-07-21 20:01:36 INFO  Log:26 - Enter Username and Password
2022-07-21 20:01:58 INFO  Log:26 - Login Test Successful
2022-07-21 20:01:58 INFO  Log:21 - ====================LoginPageTest TEST END =====================
2022-07-21 20:03:05 INFO  Log:17 - ====================LoginPageTest TEST START =====================
2022-07-21 20:03:25 INFO  Log:26 - Enter Username and Password
2022-07-21 20:03:46 INFO  Log:26 - Login Test Successful
2022-07-21 20:03:46 INFO  Log:21 - ====================LoginPageTest TEST END =====================
2022-07-21 20:03:58 INFO  Log:17 - ====================LoginPageTest TEST START =====================
2022-07-21 20:04:16 INFO  Log:26 - Enter Username and Password
2022-07-21 20:09:30 INFO  Log:17 - ====================LoginPageTest TEST START =====================
2022-07-21 20:09:38 INFO  Log:17 - ====================LoginPageTest TEST START =====================
2022-07-21 20:10:02 INFO  Log:17 - ====================LoginPageTest TEST START =====================
2022-07-21 20:10:23 INFO  Log:26 - Enter Username and Password
2022-07-21 20:10:44 INFO  Log:26 - Login Test Successful
2022-07-21 20:10:44 INFO  Log:21 - ====================LoginPageTest TEST END =====================
2022-07-21 20:11:10 INFO  Log:17 - ====================LoginPageTest TEST START =====================
2022-07-21 20:11:30 INFO  Log:26 - Enter Username and Password
2022-07-21 20:15:59 INFO  Log:17 - ====================Order Page TEST START =====================
2022-07-21 20:16:25 INFO  Log:17 - ====================End To End TEST START =====================
2022-07-21 20:18:00 INFO  Log:17 - ====================Order Page TEST START =====================
2022-07-21 20:18:47 INFO  Log:17 - ====================LoginPageTest TEST START =====================
2022-07-21 20:18:47 INFO  Log:26 - Enter Username and Password
2022-07-21 20:19:19 INFO  Log:17 - ====================LoginPageTest TEST START =====================
2022-07-21 20:19:45 INFO  Log:17 - ====================Search Result Page TEST START =====================
2022-07-21 20:19:56 INFO  Log:21 - ====================Search Result Page TEST END =====================
2022-07-21 20:20:12 INFO  Log:17 - ====================Account Creation Page TEST START =====================
2022-07-21 20:21:40 INFO  Log:17 - ====================Add To Cart TEST START =====================
2022-07-21 20:22:09 INFO  Log:17 - ====================End To End TEST START =====================
2022-07-21 20:22:35 INFO  Log:17 - ====================Verify Title TEST START =====================
2022-07-21 20:22:35 INFO  Log:21 - ====================Title TEST END =====================
2022-07-21 20:22:54 INFO  Log:17 - ====================myStore Logo TEST START =====================
2022-07-21 20:22:54 INFO  Log:21 - ====================myStore Logo TEST END =====================
2022-07-21 20:44:01 INFO  Log:17 - ====================LoginPageTest TEST START =====================
2022-07-21 20:44:21 INFO  Log:26 - Enter Username and Password
2022-07-21 20:44:43 INFO  Log:26 - Login Test Successful
2022-07-21 20:44:43 INFO  Log:21 - ====================LoginPageTest TEST END =====================
2022-07-21 20:45:03 INFO  Log:17 - ====================LoginPageTest TEST START =====================
2022-07-21 20:45:04 INFO  Log:26 - Enter Username and Password
2022-07-21 20:45:09 INFO  Log:17 - ====================Search Result Page TEST START =====================
2022-07-21 20:46:01 INFO  Log:17 - ====================Verify Title TEST START =====================
2022-07-21 20:46:01 INFO  Log:21 - ====================Title TEST END =====================
2022-07-21 20:46:24 INFO  Log:17 - ====================myStore Logo TEST START =====================
2022-07-21 20:46:24 INFO  Log:21 - ====================myStore Logo TEST END =====================
2022-07-21 20:52:55 INFO  Log:17 - ====================Verify Title TEST START =====================
2022-07-21 20:52:56 INFO  Log:21 - ====================Title TEST END =====================
2022-07-21 20:53:15 INFO  Log:17 - ====================myStore Logo TEST START =====================
2022-07-21 20:53:15 INFO  Log:21 - ====================myStore Logo TEST END =====================
2022-07-21 20:53:21 INFO  Log:17 - ====================Verify Title TEST START =====================
2022-07-21 20:53:40 INFO  Log:17 - ====================myStore Logo TEST START =====================
2022-07-21 20:53:41 INFO  Log:21 - ====================myStore Logo TEST END =====================
2022-07-21 20:54:01 INFO  Log:17 - ====================Verify Title TEST START =====================
2022-07-21 20:54:01 INFO  Log:21 - ====================Title TEST END =====================
2022-07-21 20:54:03 INFO  Log:17 - ====================myStore Logo TEST START =====================
2022-07-21 20:56:13 INFO  Log:17 - ====================Verify Title TEST START =====================
2022-07-21 20:56:32 INFO  Log:17 - ====================Verify Title TEST START =====================
2022-07-21 20:56:32 INFO  Log:17 - ====================Verify Title TEST START =====================
2022-07-21 20:56:32 INFO  Log:21 - ====================Title TEST END =====================
2022-07-21 20:56:32 INFO  Log:21 - ====================Title TEST END =====================
2022-07-21 20:56:34 INFO  Log:17 - ====================myStore Logo TEST START =====================
2022-07-21 20:56:37 INFO  Log:17 - ====================myStore Logo TEST START =====================
2022-07-21 20:56:37 INFO  Log:21 - ====================myStore Logo TEST END =====================
2022-07-21 20:56:56 INFO  Log:17 - ====================myStore Logo TEST START =====================
2022-07-21 20:56:56 INFO  Log:21 - ====================myStore Logo TEST END =====================
2022-07-21 20:58:42 INFO  Log:17 - ====================Verify Title TEST START =====================
2022-07-21 20:58:43 INFO  Log:17 - ====================myStore Logo TEST START =====================
2022-07-21 20:58:45 INFO  Log:17 - ====================Verify Title TEST START =====================
2022-07-21 20:58:50 INFO  Log:17 - ====================myStore Logo TEST START =====================
2022-07-21 20:59:01 INFO  Log:17 - ====================Verify Title TEST START =====================
2022-07-21 20:59:04 INFO  Log:17 - ====================Verify Title TEST START =====================
2022-07-21 20:59:22 INFO  Log:17 - ====================Verify Title TEST START =====================
2022-07-21 20:59:22 INFO  Log:21 - ====================Title TEST END =====================
2022-07-21 20:59:22 INFO  Log:17 - ====================myStore Logo TEST START =====================
2022-07-21 20:59:22 INFO  Log:21 - ====================myStore Logo TEST END =====================
2022-07-21 20:59:26 INFO  Log:17 - ====================myStore Logo TEST START =====================
2022-07-21 20:59:26 INFO  Log:21 - ====================myStore Logo TEST END =====================
2022-07-21 20:59:41 INFO  Log:17 - ====================myStore Logo TEST START =====================
2022-07-21 20:59:41 INFO  Log:21 - ====================myStore Logo TEST END =====================
2022-07-21 20:59:55 INFO  Log:17 - ====================Verify Title TEST START =====================
2022-07-21 20:59:55 INFO  Log:17 - ====================Verify Title TEST START =====================
2022-07-21 20:59:56 INFO  Log:17 - ====================myStore Logo TEST START =====================
2022-07-21 20:59:57 INFO  Log:17 - ====================Verify Title TEST START =====================
2022-07-21 21:00:00 INFO  Log:17 - ====================myStore Logo TEST START =====================
2022-07-21 21:00:19 INFO  Log:17 - ====================myStore Logo TEST START =====================
2022-07-21 21:00:19 INFO  Log:21 - ====================myStore Logo TEST END =====================
2022-07-21 21:02:05 INFO  Log:17 - ====================Verify Title TEST START =====================
2022-07-21 21:02:06 INFO  Log:17 - ====================myStore Logo TEST START =====================
2022-07-21 21:02:13 INFO  Log:17 - ====================Verify Title TEST START =====================
2022-07-21 21:02:19 INFO  Log:17 - ====================myStore Logo TEST START =====================
2022-07-21 21:02:48 INFO  Log:17 - ====================Verify Title TEST START =====================
2022-07-21 21:02:48 INFO  Log:17 - ====================myStore Logo TEST START =====================
2022-07-21 21:02:48 INFO  Log:21 - ====================Title TEST END =====================
2022-07-21 21:02:48 INFO  Log:21 - ====================myStore Logo TEST END =====================
2022-07-21 21:02:52 INFO  Log:17 - ====================myStore Logo TEST START =====================
2022-07-21 21:02:52 INFO  Log:17 - ====================Verify Title TEST START =====================
2022-07-21 21:03:21 INFO  Log:17 - ====================Verify Title TEST START =====================
2022-07-21 21:03:21 INFO  Log:21 - ====================Title TEST END =====================
2022-07-21 21:03:24 INFO  Log:17 - ====================myStore Logo TEST START =====================
2022-07-21 21:03:24 INFO  Log:21 - ====================myStore Logo TEST END =====================
2022-07-21 21:16:00 INFO  Log:17 - ====================Search Result Page TEST START =====================
2022-07-21 21:16:29 INFO  Log:17 - ====================Search Result Page TEST START =====================
2022-07-21 21:16:41 INFO  Log:21 - ====================Search Result Page TEST END =====================
2022-07-21 21:36:30 INFO  Log:17 - ====================Search Result Page TEST START =====================
2022-07-21 21:36:42 DEBUG cache:45 - Couldn't find template in cache for "v3html/v3-html-index.ftl"("en", UTF-8, parsed); will try to load it.
2022-07-21 21:36:42 DEBUG cache:45 - TemplateLoader.findTemplateSource("v3html/v3-html-index_en.ftl"): Not found
2022-07-21 21:36:42 DEBUG cache:45 - TemplateLoader.findTemplateSource("v3html/v3-html-index.ftl"): Found
2022-07-21 21:36:42 DEBUG cache:45 - Loading template for "v3html/v3-html-index.ftl"("en", UTF-8, parsed) from "jar:file:/C:/Users/AMIT123/.m2/repository/com/aventstack/extentreports/4.0.9/extentreports-4.0.9.jar!/com/aventstack/extentreports/view/v3html/v3-html-index.ftl"
2022-07-21 21:36:42 DEBUG cache:45 - Couldn't find template in cache for "v3html/v3-html-head.ftl"("en", UTF-8, parsed); will try to load it.
2022-07-21 21:36:42 DEBUG cache:45 - TemplateLoader.findTemplateSource("v3html/v3-html-head_en.ftl"): Not found
2022-07-21 21:36:42 DEBUG cache:45 - TemplateLoader.findTemplateSource("v3html/v3-html-head.ftl"): Found
2022-07-21 21:36:42 DEBUG cache:45 - Loading template for "v3html/v3-html-head.ftl"("en", UTF-8, parsed) from "jar:file:/C:/Users/AMIT123/.m2/repository/com/aventstack/extentreports/4.0.9/extentreports-4.0.9.jar!/com/aventstack/extentreports/view/v3html/v3-html-head.ftl"
2022-07-21 21:36:42 DEBUG cache:45 - Couldn't find template in cache for "v3html/v3-html-nav.ftl"("en", UTF-8, parsed); will try to load it.
2022-07-21 21:36:42 DEBUG cache:45 - TemplateLoader.findTemplateSource("v3html/v3-html-nav_en.ftl"): Not found
2022-07-21 21:36:42 DEBUG cache:45 - TemplateLoader.findTemplateSource("v3html/v3-html-nav.ftl"): Found
2022-07-21 21:36:42 DEBUG cache:45 - Loading template for "v3html/v3-html-nav.ftl"("en", UTF-8, parsed) from "jar:file:/C:/Users/AMIT123/.m2/repository/com/aventstack/extentreports/4.0.9/extentreports-4.0.9.jar!/com/aventstack/extentreports/view/v3html/v3-html-nav.ftl"
2022-07-21 21:36:42 DEBUG cache:45 - Couldn't find template in cache for "v3html/test-view/v3-html-test-view.ftl"("en", UTF-8, parsed); will try to load it.
2022-07-21 21:36:42 DEBUG cache:45 - TemplateLoader.findTemplateSource("v3html/test-view/v3-html-test-view_en.ftl"): Not found
2022-07-21 21:36:42 DEBUG cache:45 - TemplateLoader.findTemplateSource("v3html/test-view/v3-html-test-view.ftl"): Found
2022-07-21 21:36:42 DEBUG cache:45 - Loading template for "v3html/test-view/v3-html-test-view.ftl"("en", UTF-8, parsed) from "jar:file:/C:/Users/AMIT123/.m2/repository/com/aventstack/extentreports/4.0.9/extentreports-4.0.9.jar!/com/aventstack/extentreports/view/v3html/test-view/v3-html-test-view.ftl"
2022-07-21 21:36:42 DEBUG cache:45 - Couldn't find template in cache for "v3html/test-view/v3-html-test-view-charts.ftl"("en", UTF-8, parsed); will try to load it.
2022-07-21 21:36:42 DEBUG cache:45 - TemplateLoader.findTemplateSource("v3html/test-view/v3-html-test-view-charts_en.ftl"): Not found
2022-07-21 21:36:42 DEBUG cache:45 - TemplateLoader.findTemplateSource("v3html/test-view/v3-html-test-view-charts.ftl"): Found
2022-07-21 21:36:42 DEBUG cache:45 - Loading template for "v3html/test-view/v3-html-test-view-charts.ftl"("en", UTF-8, parsed) from "jar:file:/C:/Users/AMIT123/.m2/repository/com/aventstack/extentreports/4.0.9/extentreports-4.0.9.jar!/com/aventstack/extentreports/view/v3html/test-view/v3-html-test-view-charts.ftl"
2022-07-21 21:36:42 DEBUG cache:45 - Couldn't find template in cache for "v3html/test-view/v3-html-standard.ftl"("en", UTF-8, parsed); will try to load it.
2022-07-21 21:36:42 DEBUG cache:45 - TemplateLoader.findTemplateSource("v3html/test-view/v3-html-standard_en.ftl"): Not found
2022-07-21 21:36:42 DEBUG cache:45 - TemplateLoader.findTemplateSource("v3html/test-view/v3-html-standard.ftl"): Found
2022-07-21 21:36:42 DEBUG cache:45 - Loading template for "v3html/test-view/v3-html-standard.ftl"("en", UTF-8, parsed) from "jar:file:/C:/Users/AMIT123/.m2/repository/com/aventstack/extentreports/4.0.9/extentreports-4.0.9.jar!/com/aventstack/extentreports/view/v3html/test-view/v3-html-standard.ftl"
2022-07-21 21:36:42 DEBUG cache:45 - Couldn't find template in cache for "v3html/category-view/v3-html-category-view.ftl"("en", UTF-8, parsed); will try to load it.
2022-07-21 21:36:42 DEBUG cache:45 - TemplateLoader.findTemplateSource("v3html/category-view/v3-html-category-view_en.ftl"): Not found
2022-07-21 21:36:42 DEBUG cache:45 - TemplateLoader.findTemplateSource("v3html/category-view/v3-html-category-view.ftl"): Found
2022-07-21 21:36:42 DEBUG cache:45 - Loading template for "v3html/category-view/v3-html-category-view.ftl"("en", UTF-8, parsed) from "jar:file:/C:/Users/AMIT123/.m2/repository/com/aventstack/extentreports/4.0.9/extentreports-4.0.9.jar!/com/aventstack/extentreports/view/v3html/category-view/v3-html-category-view.ftl"
2022-07-21 21:36:42 DEBUG cache:45 - Couldn't find template in cache for "v3html/exception-view/v3-html-exception-view.ftl"("en", UTF-8, parsed); will try to load it.
2022-07-21 21:36:42 DEBUG cache:45 - TemplateLoader.findTemplateSource("v3html/exception-view/v3-html-exception-view_en.ftl"): Not found
2022-07-21 21:36:42 DEBUG cache:45 - TemplateLoader.findTemplateSource("v3html/exception-view/v3-html-exception-view.ftl"): Found
2022-07-21 21:36:42 DEBUG cache:45 - Loading template for "v3html/exception-view/v3-html-exception-view.ftl"("en", UTF-8, parsed) from "jar:file:/C:/Users/AMIT123/.m2/repository/com/aventstack/extentreports/4.0.9/extentreports-4.0.9.jar!/com/aventstack/extentreports/view/v3html/exception-view/v3-html-exception-view.ftl"
2022-07-21 21:36:42 DEBUG cache:45 - Couldn't find template in cache for "v3html/author-view/v3-html-author-view.ftl"("en", UTF-8, parsed); will try to load it.
2022-07-21 21:36:42 DEBUG cache:45 - TemplateLoader.findTemplateSource("v3html/author-view/v3-html-author-view_en.ftl"): Not found
2022-07-21 21:36:42 DEBUG cache:45 - TemplateLoader.findTemplateSource("v3html/author-view/v3-html-author-view.ftl"): Found
2022-07-21 21:36:42 DEBUG cache:45 - Loading template for "v3html/author-view/v3-html-author-view.ftl"("en", UTF-8, parsed) from "jar:file:/C:/Users/AMIT123/.m2/repository/com/aventstack/extentreports/4.0.9/extentreports-4.0.9.jar!/com/aventstack/extentreports/view/v3html/author-view/v3-html-author-view.ftl"
2022-07-21 21:36:42 DEBUG cache:45 - Couldn't find template in cache for "v3html/dashboard-view/v3-html-dashboard-view.ftl"("en", UTF-8, parsed); will try to load it.
2022-07-21 21:36:42 DEBUG cache:45 - TemplateLoader.findTemplateSource("v3html/dashboard-view/v3-html-dashboard-view_en.ftl"): Not found
2022-07-21 21:36:42 DEBUG cache:45 - TemplateLoader.findTemplateSource("v3html/dashboard-view/v3-html-dashboard-view.ftl"): Found
2022-07-21 21:36:42 DEBUG cache:45 - Loading template for "v3html/dashboard-view/v3-html-dashboard-view.ftl"("en", UTF-8, parsed) from "jar:file:/C:/Users/AMIT123/.m2/repository/com/aventstack/extentreports/4.0.9/extentreports-4.0.9.jar!/com/aventstack/extentreports/view/v3html/dashboard-view/v3-html-dashboard-view.ftl"
2022-07-21 21:36:42 DEBUG cache:45 - Couldn't find template in cache for "v3html/logs-view/v3-html-testrunner-logs-view.ftl"("en", UTF-8, parsed); will try to load it.
2022-07-21 21:36:42 DEBUG cache:45 - TemplateLoader.findTemplateSource("v3html/logs-view/v3-html-testrunner-logs-view_en.ftl"): Not found
2022-07-21 21:36:42 DEBUG cache:45 - TemplateLoader.findTemplateSource("v3html/logs-view/v3-html-testrunner-logs-view.ftl"): Found
2022-07-21 21:36:42 DEBUG cache:45 - Loading template for "v3html/logs-view/v3-html-testrunner-logs-view.ftl"("en", UTF-8, parsed) from "jar:file:/C:/Users/AMIT123/.m2/repository/com/aventstack/extentreports/4.0.9/extentreports-4.0.9.jar!/com/aventstack/extentreports/view/v3html/logs-view/v3-html-testrunner-logs-view.ftl"
2022-07-21 21:39:04 INFO  Log:17 - ====================Search Result Page TEST START =====================
2022-07-21 21:39:17 INFO  Log:21 - ====================Search Result Page TEST END =====================
2022-07-21 21:39:17 DEBUG cache:45 - Couldn't find template in cache for "v3html/v3-html-index.ftl"("en", UTF-8, parsed); will try to load it.
2022-07-21 21:39:17 DEBUG cache:45 - TemplateLoader.findTemplateSource("v3html/v3-html-index_en.ftl"): Not found
2022-07-21 21:39:17 DEBUG cache:45 - TemplateLoader.findTemplateSource("v3html/v3-html-index.ftl"): Found
2022-07-21 21:39:17 DEBUG cache:45 - Loading template for "v3html/v3-html-index.ftl"("en", UTF-8, parsed) from "jar:file:/C:/Users/AMIT123/.m2/repository/com/aventstack/extentreports/4.0.9/extentreports-4.0.9.jar!/com/aventstack/extentreports/view/v3html/v3-html-index.ftl"
2022-07-21 21:39:18 DEBUG cache:45 - Couldn't find template in cache for "v3html/v3-html-head.ftl"("en", UTF-8, parsed); will try to load it.
2022-07-21 21:39:18 DEBUG cache:45 - TemplateLoader.findTemplateSource("v3html/v3-html-head_en.ftl"): Not found
2022-07-21 21:39:18 DEBUG cache:45 - TemplateLoader.findTemplateSource("v3html/v3-html-head.ftl"): Found
2022-07-21 21:39:18 DEBUG cache:45 - Loading template for "v3html/v3-html-head.ftl"("en", UTF-8, parsed) from "jar:file:/C:/Users/AMIT123/.m2/repository/com/aventstack/extentreports/4.0.9/extentreports-4.0.9.jar!/com/aventstack/extentreports/view/v3html/v3-html-head.ftl"
2022-07-21 21:39:18 DEBUG cache:45 - Couldn't find template in cache for "v3html/v3-html-nav.ftl"("en", UTF-8, parsed); will try to load it.
2022-07-21 21:39:18 DEBUG cache:45 - TemplateLoader.findTemplateSource("v3html/v3-html-nav_en.ftl"): Not found
2022-07-21 21:39:18 DEBUG cache:45 - TemplateLoader.findTemplateSource("v3html/v3-html-nav.ftl"): Found
2022-07-21 21:39:18 DEBUG cache:45 - Loading template for "v3html/v3-html-nav.ftl"("en", UTF-8, parsed) from "jar:file:/C:/Users/AMIT123/.m2/repository/com/aventstack/extentreports/4.0.9/extentreports-4.0.9.jar!/com/aventstack/extentreports/view/v3html/v3-html-nav.ftl"
2022-07-21 21:39:18 DEBUG cache:45 - Couldn't find template in cache for "v3html/test-view/v3-html-test-view.ftl"("en", UTF-8, parsed); will try to load it.
2022-07-21 21:39:18 DEBUG cache:45 - TemplateLoader.findTemplateSource("v3html/test-view/v3-html-test-view_en.ftl"): Not found
2022-07-21 21:39:18 DEBUG cache:45 - TemplateLoader.findTemplateSource("v3html/test-view/v3-html-test-view.ftl"): Found
2022-07-21 21:39:18 DEBUG cache:45 - Loading template for "v3html/test-view/v3-html-test-view.ftl"("en", UTF-8, parsed) from "jar:file:/C:/Users/AMIT123/.m2/repository/com/aventstack/extentreports/4.0.9/extentreports-4.0.9.jar!/com/aventstack/extentreports/view/v3html/test-view/v3-html-test-view.ftl"
2022-07-21 21:39:18 DEBUG cache:45 - Couldn't find template in cache for "v3html/test-view/v3-html-test-view-charts.ftl"("en", UTF-8, parsed); will try to load it.
2022-07-21 21:39:18 DEBUG cache:45 - TemplateLoader.findTemplateSource("v3html/test-view/v3-html-test-view-charts_en.ftl"): Not found
2022-07-21 21:39:18 DEBUG cache:45 - TemplateLoader.findTemplateSource("v3html/test-view/v3-html-test-view-charts.ftl"): Found
2022-07-21 21:39:18 DEBUG cache:45 - Loading template for "v3html/test-view/v3-html-test-view-charts.ftl"("en", UTF-8, parsed) from "jar:file:/C:/Users/AMIT123/.m2/repository/com/aventstack/extentreports/4.0.9/extentreports-4.0.9.jar!/com/aventstack/extentreports/view/v3html/test-view/v3-html-test-view-charts.ftl"
2022-07-21 21:39:18 DEBUG cache:45 - Couldn't find template in cache for "v3html/test-view/v3-html-standard.ftl"("en", UTF-8, parsed); will try to load it.
2022-07-21 21:39:18 DEBUG cache:45 - TemplateLoader.findTemplateSource("v3html/test-view/v3-html-standard_en.ftl"): Not found
2022-07-21 21:39:18 DEBUG cache:45 - TemplateLoader.findTemplateSource("v3html/test-view/v3-html-standard.ftl"): Found
2022-07-21 21:39:18 DEBUG cache:45 - Loading template for "v3html/test-view/v3-html-standard.ftl"("en", UTF-8, parsed) from "jar:file:/C:/Users/AMIT123/.m2/repository/com/aventstack/extentreports/4.0.9/extentreports-4.0.9.jar!/com/aventstack/extentreports/view/v3html/test-view/v3-html-standard.ftl"
2022-07-21 21:39:18 DEBUG cache:45 - Couldn't find template in cache for "v3html/category-view/v3-html-category-view.ftl"("en", UTF-8, parsed); will try to load it.
2022-07-21 21:39:18 DEBUG cache:45 - TemplateLoader.findTemplateSource("v3html/category-view/v3-html-category-view_en.ftl"): Not found
2022-07-21 21:39:18 DEBUG cache:45 - TemplateLoader.findTemplateSource("v3html/category-view/v3-html-category-view.ftl"): Found
2022-07-21 21:39:18 DEBUG cache:45 - Loading template for "v3html/category-view/v3-html-category-view.ftl"("en", UTF-8, parsed) from "jar:file:/C:/Users/AMIT123/.m2/repository/com/aventstack/extentreports/4.0.9/extentreports-4.0.9.jar!/com/aventstack/extentreports/view/v3html/category-view/v3-html-category-view.ftl"
2022-07-21 21:39:18 DEBUG cache:45 - Couldn't find template in cache for "v3html/exception-view/v3-html-exception-view.ftl"("en", UTF-8, parsed); will try to load it.
2022-07-21 21:39:18 DEBUG cache:45 - TemplateLoader.findTemplateSource("v3html/exception-view/v3-html-exception-view_en.ftl"): Not found
2022-07-21 21:39:18 DEBUG cache:45 - TemplateLoader.findTemplateSource("v3html/exception-view/v3-html-exception-view.ftl"): Found
2022-07-21 21:39:18 DEBUG cache:45 - Loading template for "v3html/exception-view/v3-html-exception-view.ftl"("en", UTF-8, parsed) from "jar:file:/C:/Users/AMIT123/.m2/repository/com/aventstack/extentreports/4.0.9/extentreports-4.0.9.jar!/com/aventstack/extentreports/view/v3html/exception-view/v3-html-exception-view.ftl"
2022-07-21 21:39:18 DEBUG cache:45 - Couldn't find template in cache for "v3html/author-view/v3-html-author-view.ftl"("en", UTF-8, parsed); will try to load it.
2022-07-21 21:39:18 DEBUG cache:45 - TemplateLoader.findTemplateSource("v3html/author-view/v3-html-author-view_en.ftl"): Not found
2022-07-21 21:39:18 DEBUG cache:45 - TemplateLoader.findTemplateSource("v3html/author-view/v3-html-author-view.ftl"): Found
2022-07-21 21:39:18 DEBUG cache:45 - Loading template for "v3html/author-view/v3-html-author-view.ftl"("en", UTF-8, parsed) from "jar:file:/C:/Users/AMIT123/.m2/repository/com/aventstack/extentreports/4.0.9/extentreports-4.0.9.jar!/com/aventstack/extentreports/view/v3html/author-view/v3-html-author-view.ftl"
2022-07-21 21:39:18 DEBUG cache:45 - Couldn't find template in cache for "v3html/dashboard-view/v3-html-dashboard-view.ftl"("en", UTF-8, parsed); will try to load it.
2022-07-21 21:39:18 DEBUG cache:45 - TemplateLoader.findTemplateSource("v3html/dashboard-view/v3-html-dashboard-view_en.ftl"): Not found
2022-07-21 21:39:18 DEBUG cache:45 - TemplateLoader.findTemplateSource("v3html/dashboard-view/v3-html-dashboard-view.ftl"): Found
2022-07-21 21:39:18 DEBUG cache:45 - Loading template for "v3html/dashboard-view/v3-html-dashboard-view.ftl"("en", UTF-8, parsed) from "jar:file:/C:/Users/AMIT123/.m2/repository/com/aventstack/extentreports/4.0.9/extentreports-4.0.9.jar!/com/aventstack/extentreports/view/v3html/dashboard-view/v3-html-dashboard-view.ftl"
2022-07-21 21:39:18 DEBUG cache:45 - Couldn't find template in cache for "v3html/logs-view/v3-html-testrunner-logs-view.ftl"("en", UTF-8, parsed); will try to load it.
2022-07-21 21:39:18 DEBUG cache:45 - TemplateLoader.findTemplateSource("v3html/logs-view/v3-html-testrunner-logs-view_en.ftl"): Not found
2022-07-21 21:39:18 DEBUG cache:45 - TemplateLoader.findTemplateSource("v3html/logs-view/v3-html-testrunner-logs-view.ftl"): Found
2022-07-21 21:39:18 DEBUG cache:45 - Loading template for "v3html/logs-view/v3-html-testrunner-logs-view.ftl"("en", UTF-8, parsed) from "jar:file:/C:/Users/AMIT123/.m2/repository/com/aventstack/extentreports/4.0.9/extentreports-4.0.9.jar!/com/aventstack/extentreports/view/v3html/logs-view/v3-html-testrunner-logs-view.ftl"
2022-07-21 21:40:43 INFO  Log:17 - ====================verifyTotalPrice TEST START =====================
2022-07-21 21:41:39 INFO  Log:17 - ====================verifyTotalPrice TEST START =====================
2022-07-21 21:42:19 INFO  Log:17 - ====================verifyTotalPrice TEST START =====================
2022-07-21 21:42:58 INFO  Log:17 - ====================LoginPageTest TEST START =====================
2022-07-21 21:43:14 INFO  Log:26 - Enter Username and Password
2022-07-21 21:43:31 INFO  Log:26 - Login Test Successful
2022-07-21 21:43:31 INFO  Log:21 - ====================LoginPageTest TEST END =====================
2022-07-21 21:43:54 INFO  Log:17 - ====================LoginPageTest TEST START =====================
2022-07-21 21:44:04 INFO  Log:26 - Enter Username and Password
2022-07-21 21:49:33 INFO  Log:17 - ====================Verify Title TEST START =====================
2022-07-21 21:49:53 INFO  Log:17 - ====================myStore Logo TEST START =====================
2022-07-21 21:49:54 INFO  Log:21 - ====================myStore Logo TEST END =====================
2022-07-21 21:50:09 INFO  Log:17 - ====================LoginPageTest TEST START =====================
2022-07-21 21:50:25 INFO  Log:26 - Enter Username and Password
2022-07-21 21:50:36 INFO  Log:26 - Login Test Successful
2022-07-21 21:50:36 INFO  Log:21 - ====================LoginPageTest TEST END =====================
2022-07-21 21:50:37 INFO  Log:17 - ====================LoginPageTest TEST START =====================
2022-07-21 21:51:07 INFO  Log:17 - ====================Account Creation Page TEST START =====================
2022-07-21 21:52:54 INFO  Log:17 - ====================Search Result Page TEST START =====================
2022-07-21 21:53:03 INFO  Log:21 - ====================Search Result Page TEST END =====================
2022-07-21 21:53:21 INFO  Log:17 - ====================Add To Cart TEST START =====================
2022-07-21 21:53:50 INFO  Log:17 - ====================verifyTotalPrice TEST START =====================
2022-07-21 21:54:43 INFO  Log:17 - ====================verifyTotalPrice TEST START =====================
2022-07-21 21:55:09 INFO  Log:17 - ====================verifyTotalPrice TEST START =====================
2022-07-21 21:55:48 INFO  Log:17 - ====================End To End TEST START =====================
2022-07-21 21:56:00 DEBUG cache:45 - Couldn't find template in cache for "v3html/v3-html-index.ftl"("en", UTF-8, parsed); will try to load it.
2022-07-21 21:56:00 DEBUG cache:45 - TemplateLoader.findTemplateSource("v3html/v3-html-index_en.ftl"): Not found
2022-07-21 21:56:00 DEBUG cache:45 - TemplateLoader.findTemplateSource("v3html/v3-html-index.ftl"): Found
2022-07-21 21:56:00 DEBUG cache:45 - Loading template for "v3html/v3-html-index.ftl"("en", UTF-8, parsed) from "jar:file:/C:/Users/AMIT123/.m2/repository/com/aventstack/extentreports/4.0.9/extentreports-4.0.9.jar!/com/aventstack/extentreports/view/v3html/v3-html-index.ftl"
2022-07-21 21:56:00 DEBUG cache:45 - Couldn't find template in cache for "v3html/v3-html-head.ftl"("en", UTF-8, parsed); will try to load it.
2022-07-21 21:56:00 DEBUG cache:45 - TemplateLoader.findTemplateSource("v3html/v3-html-head_en.ftl"): Not found
2022-07-21 21:56:00 DEBUG cache:45 - TemplateLoader.findTemplateSource("v3html/v3-html-head.ftl"): Found
2022-07-21 21:56:00 DEBUG cache:45 - Loading template for "v3html/v3-html-head.ftl"("en", UTF-8, parsed) from "jar:file:/C:/Users/AMIT123/.m2/repository/com/aventstack/extentreports/4.0.9/extentreports-4.0.9.jar!/com/aventstack/extentreports/view/v3html/v3-html-head.ftl"
2022-07-21 21:56:00 DEBUG cache:45 - Couldn't find template in cache for "v3html/v3-html-nav.ftl"("en", UTF-8, parsed); will try to load it.
2022-07-21 21:56:00 DEBUG cache:45 - TemplateLoader.findTemplateSource("v3html/v3-html-nav_en.ftl"): Not found
2022-07-21 21:56:00 DEBUG cache:45 - TemplateLoader.findTemplateSource("v3html/v3-html-nav.ftl"): Found
2022-07-21 21:56:00 DEBUG cache:45 - Loading template for "v3html/v3-html-nav.ftl"("en", UTF-8, parsed) from "jar:file:/C:/Users/AMIT123/.m2/repository/com/aventstack/extentreports/4.0.9/extentreports-4.0.9.jar!/com/aventstack/extentreports/view/v3html/v3-html-nav.ftl"
2022-07-21 21:56:00 DEBUG cache:45 - Couldn't find template in cache for "v3html/test-view/v3-html-test-view.ftl"("en", UTF-8, parsed); will try to load it.
2022-07-21 21:56:00 DEBUG cache:45 - TemplateLoader.findTemplateSource("v3html/test-view/v3-html-test-view_en.ftl"): Not found
2022-07-21 21:56:00 DEBUG cache:45 - TemplateLoader.findTemplateSource("v3html/test-view/v3-html-test-view.ftl"): Found
2022-07-21 21:56:00 DEBUG cache:45 - Loading template for "v3html/test-view/v3-html-test-view.ftl"("en", UTF-8, parsed) from "jar:file:/C:/Users/AMIT123/.m2/repository/com/aventstack/extentreports/4.0.9/extentreports-4.0.9.jar!/com/aventstack/extentreports/view/v3html/test-view/v3-html-test-view.ftl"
2022-07-21 21:56:00 DEBUG cache:45 - Couldn't find template in cache for "v3html/test-view/v3-html-test-view-charts.ftl"("en", UTF-8, parsed); will try to load it.
2022-07-21 21:56:00 DEBUG cache:45 - TemplateLoader.findTemplateSource("v3html/test-view/v3-html-test-view-charts_en.ftl"): Not found
2022-07-21 21:56:00 DEBUG cache:45 - TemplateLoader.findTemplateSource("v3html/test-view/v3-html-test-view-charts.ftl"): Found
2022-07-21 21:56:00 DEBUG cache:45 - Loading template for "v3html/test-view/v3-html-test-view-charts.ftl"("en", UTF-8, parsed) from "jar:file:/C:/Users/AMIT123/.m2/repository/com/aventstack/extentreports/4.0.9/extentreports-4.0.9.jar!/com/aventstack/extentreports/view/v3html/test-view/v3-html-test-view-charts.ftl"
2022-07-21 21:56:00 DEBUG cache:45 - Couldn't find template in cache for "v3html/test-view/v3-html-standard.ftl"("en", UTF-8, parsed); will try to load it.
2022-07-21 21:56:00 DEBUG cache:45 - TemplateLoader.findTemplateSource("v3html/test-view/v3-html-standard_en.ftl"): Not found
2022-07-21 21:56:00 DEBUG cache:45 - TemplateLoader.findTemplateSource("v3html/test-view/v3-html-standard.ftl"): Found
2022-07-21 21:56:00 DEBUG cache:45 - Loading template for "v3html/test-view/v3-html-standard.ftl"("en", UTF-8, parsed) from "jar:file:/C:/Users/AMIT123/.m2/repository/com/aventstack/extentreports/4.0.9/extentreports-4.0.9.jar!/com/aventstack/extentreports/view/v3html/test-view/v3-html-standard.ftl"
2022-07-21 21:56:00 DEBUG cache:45 - "v3html/test-view/v3-html-standard.ftl"("en", UTF-8, parsed) cached copy not yet stale; using cached.
2022-07-21 21:56:00 DEBUG cache:45 - "v3html/test-view/v3-html-standard.ftl"("en", UTF-8, parsed) cached copy not yet stale; using cached.
2022-07-21 21:56:00 DEBUG cache:45 - "v3html/test-view/v3-html-standard.ftl"("en", UTF-8, parsed) cached copy not yet stale; using cached.
2022-07-21 21:56:00 DEBUG cache:45 - "v3html/test-view/v3-html-standard.ftl"("en", UTF-8, parsed) cached copy not yet stale; using cached.
2022-07-21 21:56:00 DEBUG cache:45 - "v3html/test-view/v3-html-standard.ftl"("en", UTF-8, parsed) cached copy not yet stale; using cached.
2022-07-21 21:56:00 DEBUG cache:45 - "v3html/test-view/v3-html-standard.ftl"("en", UTF-8, parsed) cached copy not yet stale; using cached.
2022-07-21 21:56:00 DEBUG cache:45 - "v3html/test-view/v3-html-standard.ftl"("en", UTF-8, parsed) cached copy not yet stale; using cached.
2022-07-21 21:56:00 DEBUG cache:45 - "v3html/test-view/v3-html-standard.ftl"("en", UTF-8, parsed) cached copy not yet stale; using cached.
2022-07-21 21:56:00 DEBUG cache:45 - "v3html/test-view/v3-html-standard.ftl"("en", UTF-8, parsed) cached copy not yet stale; using cached.
2022-07-21 21:56:00 DEBUG cache:45 - "v3html/test-view/v3-html-standard.ftl"("en", UTF-8, parsed) cached copy not yet stale; using cached.
2022-07-21 21:56:00 DEBUG cache:45 - "v3html/test-view/v3-html-standard.ftl"("en", UTF-8, parsed) cached copy not yet stale; using cached.
2022-07-21 21:56:00 DEBUG cache:45 - "v3html/test-view/v3-html-standard.ftl"("en", UTF-8, parsed) cached copy not yet stale; using cached.
2022-07-21 21:56:00 DEBUG cache:45 - Couldn't find template in cache for "v3html/category-view/v3-html-category-view.ftl"("en", UTF-8, parsed); will try to load it.
2022-07-21 21:56:00 DEBUG cache:45 - TemplateLoader.findTemplateSource("v3html/category-view/v3-html-category-view_en.ftl"): Not found
2022-07-21 21:56:00 DEBUG cache:45 - TemplateLoader.findTemplateSource("v3html/category-view/v3-html-category-view.ftl"): Found
2022-07-21 21:56:00 DEBUG cache:45 - Loading template for "v3html/category-view/v3-html-category-view.ftl"("en", UTF-8, parsed) from "jar:file:/C:/Users/AMIT123/.m2/repository/com/aventstack/extentreports/4.0.9/extentreports-4.0.9.jar!/com/aventstack/extentreports/view/v3html/category-view/v3-html-category-view.ftl"
2022-07-21 21:56:00 DEBUG cache:45 - Couldn't find template in cache for "v3html/exception-view/v3-html-exception-view.ftl"("en", UTF-8, parsed); will try to load it.
2022-07-21 21:56:00 DEBUG cache:45 - TemplateLoader.findTemplateSource("v3html/exception-view/v3-html-exception-view_en.ftl"): Not found
2022-07-21 21:56:00 DEBUG cache:45 - TemplateLoader.findTemplateSource("v3html/exception-view/v3-html-exception-view.ftl"): Found
2022-07-21 21:56:00 DEBUG cache:45 - Loading template for "v3html/exception-view/v3-html-exception-view.ftl"("en", UTF-8, parsed) from "jar:file:/C:/Users/AMIT123/.m2/repository/com/aventstack/extentreports/4.0.9/extentreports-4.0.9.jar!/com/aventstack/extentreports/view/v3html/exception-view/v3-html-exception-view.ftl"
2022-07-21 21:56:00 DEBUG cache:45 - Couldn't find template in cache for "v3html/author-view/v3-html-author-view.ftl"("en", UTF-8, parsed); will try to load it.
2022-07-21 21:56:00 DEBUG cache:45 - TemplateLoader.findTemplateSource("v3html/author-view/v3-html-author-view_en.ftl"): Not found
2022-07-21 21:56:00 DEBUG cache:45 - TemplateLoader.findTemplateSource("v3html/author-view/v3-html-author-view.ftl"): Found
2022-07-21 21:56:00 DEBUG cache:45 - Loading template for "v3html/author-view/v3-html-author-view.ftl"("en", UTF-8, parsed) from "jar:file:/C:/Users/AMIT123/.m2/repository/com/aventstack/extentreports/4.0.9/extentreports-4.0.9.jar!/com/aventstack/extentreports/view/v3html/author-view/v3-html-author-view.ftl"
2022-07-21 21:56:00 DEBUG cache:45 - Couldn't find template in cache for "v3html/dashboard-view/v3-html-dashboard-view.ftl"("en", UTF-8, parsed); will try to load it.
2022-07-21 21:56:00 DEBUG cache:45 - TemplateLoader.findTemplateSource("v3html/dashboard-view/v3-html-dashboard-view_en.ftl"): Not found
2022-07-21 21:56:00 DEBUG cache:45 - TemplateLoader.findTemplateSource("v3html/dashboard-view/v3-html-dashboard-view.ftl"): Found
2022-07-21 21:56:00 DEBUG cache:45 - Loading template for "v3html/dashboard-view/v3-html-dashboard-view.ftl"("en", UTF-8, parsed) from "jar:file:/C:/Users/AMIT123/.m2/repository/com/aventstack/extentreports/4.0.9/extentreports-4.0.9.jar!/com/aventstack/extentreports/view/v3html/dashboard-view/v3-html-dashboard-view.ftl"
2022-07-21 21:56:00 DEBUG cache:45 - Couldn't find template in cache for "v3html/logs-view/v3-html-testrunner-logs-view.ftl"("en", UTF-8, parsed); will try to load it.
2022-07-21 21:56:00 DEBUG cache:45 - TemplateLoader.findTemplateSource("v3html/logs-view/v3-html-testrunner-logs-view_en.ftl"): Not found
2022-07-21 21:56:00 DEBUG cache:45 - TemplateLoader.findTemplateSource("v3html/logs-view/v3-html-testrunner-logs-view.ftl"): Found
2022-07-21 21:56:00 DEBUG cache:45 - Loading template for "v3html/logs-view/v3-html-testrunner-logs-view.ftl"("en", UTF-8, parsed) from "jar:file:/C:/Users/AMIT123/.m2/repository/com/aventstack/extentreports/4.0.9/extentreports-4.0.9.jar!/com/aventstack/extentreports/view/v3html/logs-view/v3-html-testrunner-logs-view.ftl"
